app/build/intermediates/manifest_merge_blame_file/debug/manifest-merger-blame-debug-report.txt
1<?xml version="1.0" encoding="utf-8"?>
2<manifest xmlns:android="http://schemas.android.com/apk/res/android"
3    package="com.ben10.watchface"
4    android:versionCode="1"
5    android:versionName="1.0" >
6
7    <uses-sdk
8        android:minSdkVersion="26"
9        android:targetSdkVersion="34" />
10
11    <uses-feature android:name="android.hardware.type.watch" />
11-->src\main\AndroidManifest.xml:4:5-64
11-->src\main\AndroidManifest.xml:4:19-61
12
13    <uses-permission android:name="android.permission.WAKE_LOCK" />
13-->src\main\AndroidManifest.xml:6:5-68
13-->src\main\AndroidManifest.xml:6:22-65
14    <uses-permission android:name="com.google.android.permission.PROVIDE_BACKGROUND" />
14-->src\main\AndroidManifest.xml:7:5-88
14-->src\main\AndroidManifest.xml:7:22-85
15
16    <permission
16-->[androidx.core:core:1.12.0] AndroidManifest.xml:22:5-24:47
17        android:name="com.ben10.watchface.DYNAMIC_RECEIVER_NOT_EXPORTED_PERMISSION"
17-->[androidx.core:core:1.12.0] AndroidManifest.xml:23:9-81
18        android:protectionLevel="signature" />
18-->[androidx.core:core:1.12.0] AndroidManifest.xml:24:9-44
19
20    <uses-permission android:name="com.ben10.watchface.DYNAMIC_RECEIVER_NOT_EXPORTED_PERMISSION" />
20-->[androidx.core:core:1.12.0] AndroidManifest.xml:26:5-97
20-->[androidx.core:core:1.12.0] AndroidManifest.xml:26:22-94
21
22    <application
22-->src\main\AndroidManifest.xml:9:5-48:19
23        android:allowBackup="true"
23-->src\main\AndroidManifest.xml:10:9-35
24        android:appComponentFactory="androidx.core.app.CoreComponentFactory"
24-->[androidx.core:core:1.12.0] AndroidManifest.xml:28:18-86
25        android:debuggable="true"
26        android:extractNativeLibs="false"
27        android:icon="@mipmap/ic_launcher"
27-->src\main\AndroidManifest.xml:11:9-43
28        android:label="@string/app_name"
28-->src\main\AndroidManifest.xml:12:9-41
29        android:supportsRtl="true"
29-->src\main\AndroidManifest.xml:13:9-35
30        android:testOnly="true"
31        android:theme="@android:style/Theme.DeviceDefault" >
31-->src\main\AndroidManifest.xml:14:9-59
32        <uses-library
32-->src\main\AndroidManifest.xml:16:9-18:39
33            android:name="com.google.android.wearable"
33-->src\main\AndroidManifest.xml:17:13-55
34            android:required="true" />
34-->src\main\AndroidManifest.xml:18:13-36
35
36        <meta-data
36-->src\main\AndroidManifest.xml:20:9-22:36
37            android:name="com.google.android.wearable.standalone"
37-->src\main\AndroidManifest.xml:21:13-66
38            android:value="true" />
38-->src\main\AndroidManifest.xml:22:13-33
39
40        <service
40-->src\main\AndroidManifest.xml:24:9-46:19
41            android:name="com.ben10.watchface.Ben10WatchFaceService"
41-->src\main\AndroidManifest.xml:25:13-50
42            android:exported="true"
42-->src\main\AndroidManifest.xml:26:13-36
43            android:label="@string/app_name"
43-->src\main\AndroidManifest.xml:27:13-45
44            android:permission="android.permission.BIND_WALLPAPER" >
44-->src\main\AndroidManifest.xml:28:13-67
45            <meta-data
45-->src\main\AndroidManifest.xml:30:13-32:54
46                android:name="android.service.wallpaper"
46-->src\main\AndroidManifest.xml:31:17-57
47                android:resource="@xml/watch_face" />
47-->src\main\AndroidManifest.xml:32:17-51
48            <meta-data
48-->src\main\AndroidManifest.xml:34:13-36:65
49                android:name="com.google.android.wearable.watchface.preview"
49-->src\main\AndroidManifest.xml:35:17-77
50                android:resource="@drawable/preview_circular" />
50-->src\main\AndroidManifest.xml:36:17-62
51            <meta-data
51-->src\main\AndroidManifest.xml:38:13-40:65
52                android:name="com.google.android.wearable.watchface.preview_circular"
52-->src\main\AndroidManifest.xml:39:17-86
53                android:resource="@drawable/preview_circular" />
53-->src\main\AndroidManifest.xml:40:17-62
54
55            <intent-filter>
55-->src\main\AndroidManifest.xml:42:13-45:29
56                <action android:name="android.service.wallpaper.WallpaperService" />
56-->src\main\AndroidManifest.xml:43:17-85
56-->src\main\AndroidManifest.xml:43:25-82
57
58                <category android:name="com.google.android.wearable.watchface.category.WATCH_FACE" />
58-->src\main\AndroidManifest.xml:44:17-102
58-->src\main\AndroidManifest.xml:44:27-99
59            </intent-filter>
60        </service>
61
62        <activity
62-->[com.google.android.gms:play-services-base:18.0.1] AndroidManifest.xml:20:9-22:45
63            android:name="com.google.android.gms.common.api.GoogleApiActivity"
63-->[com.google.android.gms:play-services-base:18.0.1] AndroidManifest.xml:20:19-85
64            android:exported="false"
64-->[com.google.android.gms:play-services-base:18.0.1] AndroidManifest.xml:22:19-43
65            android:theme="@android:style/Theme.Translucent.NoTitleBar" />
65-->[com.google.android.gms:play-services-base:18.0.1] AndroidManifest.xml:21:19-78
66
67        <meta-data
67-->[com.google.android.gms:play-services-basement:18.0.0] AndroidManifest.xml:21:9-23:69
68            android:name="com.google.android.gms.version"
68-->[com.google.android.gms:play-services-basement:18.0.0] AndroidManifest.xml:22:13-58
69            android:value="@integer/google_play_services_version" />
69-->[com.google.android.gms:play-services-basement:18.0.0] AndroidManifest.xml:23:13-66
70    </application>
71
72</manifest>